[2021-02-22 21:22:07] local.ERROR: The "--name" option does not exist. {"exception":"[object] (Symfony\\Component\\Console\\Exception\\RuntimeException(code: 0): The \"--name\" option does not exist. at /home/rafael.macedo/Documents/person_project/back-end-programa-estagio-2021/vendor/symfony/console/Input/ArgvInput.php:212)
[stacktrace]
#0 /home/rafael.macedo/Documents/person_project/back-end-programa-estagio-2021/vendor/symfony/console/Input/ArgvInput.php(140): Symfony\\Component\\Console\\Input\\ArgvInput->addLongOption()
#1 /home/rafael.macedo/Documents/person_project/back-end-programa-estagio-2021/vendor/symfony/console/Input/ArgvInput.php(76): Symfony\\Component\\Console\\Input\\ArgvInput->parseLongOption()
#2 /home/rafael.macedo/Documents/person_project/back-end-programa-estagio-2021/vendor/symfony/console/Input/Input.php(55): Symfony\\Component\\Console\\Input\\ArgvInput->parse()
#3 /home/rafael.macedo/Documents/person_project/back-end-programa-estagio-2021/vendor/symfony/console/Command/Command.php(215): Symfony\\Component\\Console\\Input\\Input->bind()
#4 /home/rafael.macedo/Documents/person_project/back-end-programa-estagio-2021/vendor/laravel/framework/src/Illuminate/Console/Command.php(121): Symfony\\Component\\Console\\Command\\Command->run()
#5 /home/rafael.macedo/Documents/person_project/back-end-programa-estagio-2021/vendor/symfony/console/Application.php(971): Illuminate\\Console\\Command->run()
#6 /home/rafael.macedo/Documents/person_project/back-end-programa-estagio-2021/vendor/symfony/console/Application.php(290): Symfony\\Component\\Console\\Application->doRunCommand()
#7 /home/rafael.macedo/Documents/person_project/back-end-programa-estagio-2021/vendor/symfony/console/Application.php(166): Symfony\\Component\\Console\\Application->doRun()
#8 /home/rafael.macedo/Documents/person_project/back-end-programa-estagio-2021/vendor/laravel/framework/src/Illuminate/Console/Application.php(93): Symfony\\Component\\Console\\Application->run()
#9 /home/rafael.macedo/Documents/person_project/back-end-programa-estagio-2021/vendor/laravel/framework/src/Illuminate/Foundation/Console/Kernel.php(129): Illuminate\\Console\\Application->run()
#10 /home/rafael.macedo/Documents/person_project/back-end-programa-estagio-2021/artisan(37): Illuminate\\Foundation\\Console\\Kernel->handle()
#11 {main}
"} 
[2021-02-22 21:34:00] local.ERROR: SQLSTATE[HY000] [1049] Unknown database 'programa_estagio' (SQL: select * from information_schema.tables where table_schema = programa_estagio and table_name = migrations and table_type = 'BASE TABLE') {"exception":"[object] (Illuminate\\Database\\QueryException(code: 1049): SQLSTATE[HY000] [1049] Unknown database 'programa_estagio' (SQL: select * from information_schema.tables where table_schema = programa_estagio and table_name = migrations and table_type = 'BASE TABLE') at /home/rafael.macedo/Documents/person_project/back-end-programa-estagio-2021/vendor/laravel/framework/src/Illuminate/Database/Connection.php:678)
[stacktrace]
#0 /home/rafael.macedo/Documents/person_project/back-end-programa-estagio-2021/vendor/laravel/framework/src/Illuminate/Database/Connection.php(638): Illuminate\\Database\\Connection->runQueryCallback()
#1 /home/rafael.macedo/Documents/person_project/back-end-programa-estagio-2021/vendor/laravel/framework/src/Illuminate/Database/Connection.php(346): Illuminate\\Database\\Connection->run()
#2 /home/rafael.macedo/Documents/person_project/back-end-programa-estagio-2021/vendor/laravel/framework/src/Illuminate/Database/Schema/MySqlBuilder.php(44): Illuminate\\Database\\Connection->select()
#3 /home/rafael.macedo/Documents/person_project/back-end-programa-estagio-2021/vendor/laravel/framework/src/Illuminate/Database/Migrations/DatabaseMigrationRepository.php(169): Illuminate\\Database\\Schema\\MySqlBuilder->hasTable()
#4 /home/rafael.macedo/Documents/person_project/back-end-programa-estagio-2021/vendor/laravel/framework/src/Illuminate/Database/Migrations/Migrator.php(608): Illuminate\\Database\\Migrations\\DatabaseMigrationRepository->repositoryExists()
#5 /home/rafael.macedo/Documents/person_project/back-end-programa-estagio-2021/vendor/laravel/framework/src/Illuminate/Database/Console/Migrations/MigrateCommand.php(106): Illuminate\\Database\\Migrations\\Migrator->repositoryExists()
#6 /home/rafael.macedo/Documents/person_project/back-end-programa-estagio-2021/vendor/laravel/framework/src/Illuminate/Database/Console/Migrations/MigrateCommand.php(77): Illuminate\\Database\\Console\\Migrations\\MigrateCommand->prepareDatabase()
#7 /home/rafael.macedo/Documents/person_project/back-end-programa-estagio-2021/vendor/laravel/framework/src/Illuminate/Database/Migrations/Migrator.php(541): Illuminate\\Database\\Console\\Migrations\\MigrateCommand->Illuminate\\Database\\Console\\Migrations\\{closure}()
#8 /home/rafael.macedo/Documents/person_project/back-end-programa-estagio-2021/vendor/laravel/framework/src/Illuminate/Database/Console/Migrations/MigrateCommand.php(94): Illuminate\\Database\\Migrations\\Migrator->usingConnection()
#9 /home/rafael.macedo/Documents/person_project/back-end-programa-estagio-2021/vendor/laravel/framework/src/Illuminate/Container/BoundMethod.php(36): Illuminate\\Database\\Console\\Migrations\\MigrateCommand->handle()
#10 /home/rafael.macedo/Documents/person_project/back-end-programa-estagio-2021/vendor/laravel/framework/src/Illuminate/Container/Util.php(40): Illuminate\\Container\\BoundMethod::Illuminate\\Container\\{closure}()
#11 /home/rafael.macedo/Documents/person_project/back-end-programa-estagio-2021/vendor/laravel/framework/src/Illuminate/Container/BoundMethod.php(93): Illuminate\\Container\\Util::unwrapIfClosure()
#12 /home/rafael.macedo/Documents/person_project/back-end-programa-estagio-2021/vendor/laravel/framework/src/Illuminate/Container/BoundMethod.php(37): Illuminate\\Container\\BoundMethod::callBoundMethod()
#13 /home/rafael.macedo/Documents/person_project/back-end-programa-estagio-2021/vendor/laravel/framework/src/Illuminate/Container/Container.php(610): Illuminate\\Container\\BoundMethod::call()
#14 /home/rafael.macedo/Documents/person_project/back-end-programa-estagio-2021/vendor/laravel/framework/src/Illuminate/Console/Command.php(136): Illuminate\\Container\\Container->call()
#15 /home/rafael.macedo/Documents/person_project/back-end-programa-estagio-2021/vendor/symfony/console/Command/Command.php(256): Illuminate\\Console\\Command->execute()
#16 /home/rafael.macedo/Documents/person_project/back-end-programa-estagio-2021/vendor/laravel/framework/src/Illuminate/Console/Command.php(121): Symfony\\Component\\Console\\Command\\Command->run()
#17 /home/rafael.macedo/Documents/person_project/back-end-programa-estagio-2021/vendor/symfony/console/Application.php(971): Illuminate\\Console\\Command->run()
#18 /home/rafael.macedo/Documents/person_project/back-end-programa-estagio-2021/vendor/symfony/console/Application.php(290): Symfony\\Component\\Console\\Application->doRunCommand()
#19 /home/rafael.macedo/Documents/person_project/back-end-programa-estagio-2021/vendor/symfony/console/Application.php(166): Symfony\\Component\\Console\\Application->doRun()
#20 /home/rafael.macedo/Documents/person_project/back-end-programa-estagio-2021/vendor/laravel/framework/src/Illuminate/Console/Application.php(93): Symfony\\Component\\Console\\Application->run()
#21 /home/rafael.macedo/Documents/person_project/back-end-programa-estagio-2021/vendor/laravel/framework/src/Illuminate/Foundation/Console/Kernel.php(129): Illuminate\\Console\\Application->run()
#22 /home/rafael.macedo/Documents/person_project/back-end-programa-estagio-2021/artisan(37): Illuminate\\Foundation\\Console\\Kernel->handle()
#23 {main}

[previous exception] [object] (PDOException(code: 1049): SQLSTATE[HY000] [1049] Unknown database 'programa_estagio' at /home/rafael.macedo/Documents/person_project/back-end-programa-estagio-2021/vendor/laravel/framework/src/Illuminate/Database/Connectors/Connector.php:70)
[stacktrace]
#0 /home/rafael.macedo/Documents/person_project/back-end-programa-estagio-2021/vendor/laravel/framework/src/Illuminate/Database/Connectors/Connector.php(70): PDO->__construct()
#1 /home/rafael.macedo/Documents/person_project/back-end-programa-estagio-2021/vendor/laravel/framework/src/Illuminate/Database/Connectors/Connector.php(46): Illuminate\\Database\\Connectors\\Connector->createPdoConnection()
#2 /home/rafael.macedo/Documents/person_project/back-end-programa-estagio-2021/vendor/laravel/framework/src/Illuminate/Database/Connectors/MySqlConnector.php(24): Illuminate\\Database\\Connectors\\Connector->createConnection()
#3 /home/rafael.macedo/Documents/person_project/back-end-programa-estagio-2021/vendor/laravel/framework/src/Illuminate/Database/Connectors/ConnectionFactory.php(184): Illuminate\\Database\\Connectors\\MySqlConnector->connect()
#4 [internal function]: Illuminate\\Database\\Connectors\\ConnectionFactory->Illuminate\\Database\\Connectors\\{closure}()
#5 /home/rafael.macedo/Documents/person_project/back-end-programa-estagio-2021/vendor/laravel/framework/src/Illuminate/Database/Connection.php(939): call_user_func()
#6 /home/rafael.macedo/Documents/person_project/back-end-programa-estagio-2021/vendor/laravel/framework/src/Illuminate/Database/Connection.php(974): Illuminate\\Database\\Connection->getPdo()
#7 /home/rafael.macedo/Documents/person_project/back-end-programa-estagio-2021/vendor/laravel/framework/src/Illuminate/Database/Connection.php(412): Illuminate\\Database\\Connection->getReadPdo()
#8 /home/rafael.macedo/Documents/person_project/back-end-programa-estagio-2021/vendor/laravel/framework/src/Illuminate/Database/Connection.php(338): Illuminate\\Database\\Connection->getPdoForSelect()
#9 /home/rafael.macedo/Documents/person_project/back-end-programa-estagio-2021/vendor/laravel/framework/src/Illuminate/Database/Connection.php(671): Illuminate\\Database\\Connection->Illuminate\\Database\\{closure}()
#10 /home/rafael.macedo/Documents/person_project/back-end-programa-estagio-2021/vendor/laravel/framework/src/Illuminate/Database/Connection.php(638): Illuminate\\Database\\Connection->runQueryCallback()
#11 /home/rafael.macedo/Documents/person_project/back-end-programa-estagio-2021/vendor/laravel/framework/src/Illuminate/Database/Connection.php(346): Illuminate\\Database\\Connection->run()
#12 /home/rafael.macedo/Documents/person_project/back-end-programa-estagio-2021/vendor/laravel/framework/src/Illuminate/Database/Schema/MySqlBuilder.php(44): Illuminate\\Database\\Connection->select()
#13 /home/rafael.macedo/Documents/person_project/back-end-programa-estagio-2021/vendor/laravel/framework/src/Illuminate/Database/Migrations/DatabaseMigrationRepository.php(169): Illuminate\\Database\\Schema\\MySqlBuilder->hasTable()
#14 /home/rafael.macedo/Documents/person_project/back-end-programa-estagio-2021/vendor/laravel/framework/src/Illuminate/Database/Migrations/Migrator.php(608): Illuminate\\Database\\Migrations\\DatabaseMigrationRepository->repositoryExists()
#15 /home/rafael.macedo/Documents/person_project/back-end-programa-estagio-2021/vendor/laravel/framework/src/Illuminate/Database/Console/Migrations/MigrateCommand.php(106): Illuminate\\Database\\Migrations\\Migrator->repositoryExists()
#16 /home/rafael.macedo/Documents/person_project/back-end-programa-estagio-2021/vendor/laravel/framework/src/Illuminate/Database/Console/Migrations/MigrateCommand.php(77): Illuminate\\Database\\Console\\Migrations\\MigrateCommand->prepareDatabase()
#17 /home/rafael.macedo/Documents/person_project/back-end-programa-estagio-2021/vendor/laravel/framework/src/Illuminate/Database/Migrations/Migrator.php(541): Illuminate\\Database\\Console\\Migrations\\MigrateCommand->Illuminate\\Database\\Console\\Migrations\\{closure}()
#18 /home/rafael.macedo/Documents/person_project/back-end-programa-estagio-2021/vendor/laravel/framework/src/Illuminate/Database/Console/Migrations/MigrateCommand.php(94): Illuminate\\Database\\Migrations\\Migrator->usingConnection()
#19 /home/rafael.macedo/Documents/person_project/back-end-programa-estagio-2021/vendor/laravel/framework/src/Illuminate/Container/BoundMethod.php(36): Illuminate\\Database\\Console\\Migrations\\MigrateCommand->handle()
#20 /home/rafael.macedo/Documents/person_project/back-end-programa-estagio-2021/vendor/laravel/framework/src/Illuminate/Container/Util.php(40): Illuminate\\Container\\BoundMethod::Illuminate\\Container\\{closure}()
#21 /home/rafael.macedo/Documents/person_project/back-end-programa-estagio-2021/vendor/laravel/framework/src/Illuminate/Container/BoundMethod.php(93): Illuminate\\Container\\Util::unwrapIfClosure()
#22 /home/rafael.macedo/Documents/person_project/back-end-programa-estagio-2021/vendor/laravel/framework/src/Illuminate/Container/BoundMethod.php(37): Illuminate\\Container\\BoundMethod::callBoundMethod()
#23 /home/rafael.macedo/Documents/person_project/back-end-programa-estagio-2021/vendor/laravel/framework/src/Illuminate/Container/Container.php(610): Illuminate\\Container\\BoundMethod::call()
#24 /home/rafael.macedo/Documents/person_project/back-end-programa-estagio-2021/vendor/laravel/framework/src/Illuminate/Console/Command.php(136): Illuminate\\Container\\Container->call()
#25 /home/rafael.macedo/Documents/person_project/back-end-programa-estagio-2021/vendor/symfony/console/Command/Command.php(256): Illuminate\\Console\\Command->execute()
#26 /home/rafael.macedo/Documents/person_project/back-end-programa-estagio-2021/vendor/laravel/framework/src/Illuminate/Console/Command.php(121): Symfony\\Component\\Console\\Command\\Command->run()
#27 /home/rafael.macedo/Documents/person_project/back-end-programa-estagio-2021/vendor/symfony/console/Application.php(971): Illuminate\\Console\\Command->run()
#28 /home/rafael.macedo/Documents/person_project/back-end-programa-estagio-2021/vendor/symfony/console/Application.php(290): Symfony\\Component\\Console\\Application->doRunCommand()
#29 /home/rafael.macedo/Documents/person_project/back-end-programa-estagio-2021/vendor/symfony/console/Application.php(166): Symfony\\Component\\Console\\Application->doRun()
#30 /home/rafael.macedo/Documents/person_project/back-end-programa-estagio-2021/vendor/laravel/framework/src/Illuminate/Console/Application.php(93): Symfony\\Component\\Console\\Application->run()
#31 /home/rafael.macedo/Documents/person_project/back-end-programa-estagio-2021/vendor/laravel/framework/src/Illuminate/Foundation/Console/Kernel.php(129): Illuminate\\Console\\Application->run()
#32 /home/rafael.macedo/Documents/person_project/back-end-programa-estagio-2021/artisan(37): Illuminate\\Foundation\\Console\\Kernel->handle()
#33 {main}
"} 
[2021-02-22 21:36:09] local.ERROR: SQLSTATE[42S21]: Column already exists: 1060 Duplicate column name 'id' (SQL: alter table `users` add `id` int unsigned not null auto_increment primary key, add `seu_e-mail` varchar(250) not null, add `name` varchar(200) not null, add `e-mail` varchar(250) not null, add `telefone` varchar(15) not null, add `created_at` timestamp null, add `updated_at` timestamp null, add `deleted_at` timestamp null) {"exception":"[object] (Illuminate\\Database\\QueryException(code: 42S21): SQLSTATE[42S21]: Column already exists: 1060 Duplicate column name 'id' (SQL: alter table `users` add `id` int unsigned not null auto_increment primary key, add `seu_e-mail` varchar(250) not null, add `name` varchar(200) not null, add `e-mail` varchar(250) not null, add `telefone` varchar(15) not null, add `created_at` timestamp null, add `updated_at` timestamp null, add `deleted_at` timestamp null) at /home/rafael.macedo/Documents/person_project/back-end-programa-estagio-2021/vendor/laravel/framework/src/Illuminate/Database/Connection.php:678)
[stacktrace]
#0 /home/rafael.macedo/Documents/person_project/back-end-programa-estagio-2021/vendor/laravel/framework/src/Illuminate/Database/Connection.php(638): Illuminate\\Database\\Connection->runQueryCallback()
#1 /home/rafael.macedo/Documents/person_project/back-end-programa-estagio-2021/vendor/laravel/framework/src/Illuminate/Database/Connection.php(472): Illuminate\\Database\\Connection->run()
#2 /home/rafael.macedo/Documents/person_project/back-end-programa-estagio-2021/vendor/laravel/framework/src/Illuminate/Database/Schema/Blueprint.php(109): Illuminate\\Database\\Connection->statement()
#3 /home/rafael.macedo/Documents/person_project/back-end-programa-estagio-2021/vendor/laravel/framework/src/Illuminate/Database/Schema/Builder.php(359): Illuminate\\Database\\Schema\\Blueprint->build()
#4 /home/rafael.macedo/Documents/person_project/back-end-programa-estagio-2021/vendor/laravel/framework/src/Illuminate/Database/Schema/Builder.php(206): Illuminate\\Database\\Schema\\Builder->build()
#5 /home/rafael.macedo/Documents/person_project/back-end-programa-estagio-2021/vendor/laravel/framework/src/Illuminate/Support/Facades/Facade.php(261): Illuminate\\Database\\Schema\\Builder->table()
#6 /home/rafael.macedo/Documents/person_project/back-end-programa-estagio-2021/database/migrations/2021_02_22_210042_create_table_user.php(24): Illuminate\\Support\\Facades\\Facade::__callStatic()
#7 /home/rafael.macedo/Documents/person_project/back-end-programa-estagio-2021/vendor/laravel/framework/src/Illuminate/Database/Migrations/Migrator.php(392): CreateTableUser->up()
#8 /home/rafael.macedo/Documents/person_project/back-end-programa-estagio-2021/vendor/laravel/framework/src/Illuminate/Database/Migrations/Migrator.php(401): Illuminate\\Database\\Migrations\\Migrator->Illuminate\\Database\\Migrations\\{closure}()
#9 /home/rafael.macedo/Documents/person_project/back-end-programa-estagio-2021/vendor/laravel/framework/src/Illuminate/Database/Migrations/Migrator.php(200): Illuminate\\Database\\Migrations\\Migrator->runMigration()
#10 /home/rafael.macedo/Documents/person_project/back-end-programa-estagio-2021/vendor/laravel/framework/src/Illuminate/Database/Migrations/Migrator.php(165): Illuminate\\Database\\Migrations\\Migrator->runUp()
#11 /home/rafael.macedo/Documents/person_project/back-end-programa-estagio-2021/vendor/laravel/framework/src/Illuminate/Database/Migrations/Migrator.php(110): Illuminate\\Database\\Migrations\\Migrator->runPending()
#12 /home/rafael.macedo/Documents/person_project/back-end-programa-estagio-2021/vendor/laravel/framework/src/Illuminate/Database/Console/Migrations/MigrateCommand.php(85): Illuminate\\Database\\Migrations\\Migrator->run()
#13 /home/rafael.macedo/Documents/person_project/back-end-programa-estagio-2021/vendor/laravel/framework/src/Illuminate/Database/Migrations/Migrator.php(541): Illuminate\\Database\\Console\\Migrations\\MigrateCommand->Illuminate\\Database\\Console\\Migrations\\{closure}()
#14 /home/rafael.macedo/Documents/person_project/back-end-programa-estagio-2021/vendor/laravel/framework/src/Illuminate/Database/Console/Migrations/MigrateCommand.php(94): Illuminate\\Database\\Migrations\\Migrator->usingConnection()
#15 /home/rafael.macedo/Documents/person_project/back-end-programa-estagio-2021/vendor/laravel/framework/src/Illuminate/Container/BoundMethod.php(36): Illuminate\\Database\\Console\\Migrations\\MigrateCommand->handle()
#16 /home/rafael.macedo/Documents/person_project/back-end-programa-estagio-2021/vendor/laravel/framework/src/Illuminate/Container/Util.php(40): Illuminate\\Container\\BoundMethod::Illuminate\\Container\\{closure}()
#17 /home/rafael.macedo/Documents/person_project/back-end-programa-estagio-2021/vendor/laravel/framework/src/Illuminate/Container/BoundMethod.php(93): Illuminate\\Container\\Util::unwrapIfClosure()
#18 /home/rafael.macedo/Documents/person_project/back-end-programa-estagio-2021/vendor/laravel/framework/src/Illuminate/Container/BoundMethod.php(37): Illuminate\\Container\\BoundMethod::callBoundMethod()
#19 /home/rafael.macedo/Documents/person_project/back-end-programa-estagio-2021/vendor/laravel/framework/src/Illuminate/Container/Container.php(610): Illuminate\\Container\\BoundMethod::call()
#20 /home/rafael.macedo/Documents/person_project/back-end-programa-estagio-2021/vendor/laravel/framework/src/Illuminate/Console/Command.php(136): Illuminate\\Container\\Container->call()
#21 /home/rafael.macedo/Documents/person_project/back-end-programa-estagio-2021/vendor/symfony/console/Command/Command.php(256): Illuminate\\Console\\Command->execute()
#22 /home/rafael.macedo/Documents/person_project/back-end-programa-estagio-2021/vendor/laravel/framework/src/Illuminate/Console/Command.php(121): Symfony\\Component\\Console\\Command\\Command->run()
#23 /home/rafael.macedo/Documents/person_project/back-end-programa-estagio-2021/vendor/symfony/console/Application.php(971): Illuminate\\Console\\Command->run()
#24 /home/rafael.macedo/Documents/person_project/back-end-programa-estagio-2021/vendor/symfony/console/Application.php(290): Symfony\\Component\\Console\\Application->doRunCommand()
#25 /home/rafael.macedo/Documents/person_project/back-end-programa-estagio-2021/vendor/symfony/console/Application.php(166): Symfony\\Component\\Console\\Application->doRun()
#26 /home/rafael.macedo/Documents/person_project/back-end-programa-estagio-2021/vendor/laravel/framework/src/Illuminate/Console/Application.php(93): Symfony\\Component\\Console\\Application->run()
#27 /home/rafael.macedo/Documents/person_project/back-end-programa-estagio-2021/vendor/laravel/framework/src/Illuminate/Foundation/Console/Kernel.php(129): Illuminate\\Console\\Application->run()
#28 /home/rafael.macedo/Documents/person_project/back-end-programa-estagio-2021/artisan(37): Illuminate\\Foundation\\Console\\Kernel->handle()
#29 {main}

[previous exception] [object] (PDOException(code: 42S21): SQLSTATE[42S21]: Column already exists: 1060 Duplicate column name 'id' at /home/rafael.macedo/Documents/person_project/back-end-programa-estagio-2021/vendor/laravel/framework/src/Illuminate/Database/Connection.php:471)
[stacktrace]
#0 /home/rafael.macedo/Documents/person_project/back-end-programa-estagio-2021/vendor/laravel/framework/src/Illuminate/Database/Connection.php(471): PDOStatement->execute()
#1 /home/rafael.macedo/Documents/person_project/back-end-programa-estagio-2021/vendor/laravel/framework/src/Illuminate/Database/Connection.php(671): Illuminate\\Database\\Connection->Illuminate\\Database\\{closure}()
#2 /home/rafael.macedo/Documents/person_project/back-end-programa-estagio-2021/vendor/laravel/framework/src/Illuminate/Database/Connection.php(638): Illuminate\\Database\\Connection->runQueryCallback()
#3 /home/rafael.macedo/Documents/person_project/back-end-programa-estagio-2021/vendor/laravel/framework/src/Illuminate/Database/Connection.php(472): Illuminate\\Database\\Connection->run()
#4 /home/rafael.macedo/Documents/person_project/back-end-programa-estagio-2021/vendor/laravel/framework/src/Illuminate/Database/Schema/Blueprint.php(109): Illuminate\\Database\\Connection->statement()
#5 /home/rafael.macedo/Documents/person_project/back-end-programa-estagio-2021/vendor/laravel/framework/src/Illuminate/Database/Schema/Builder.php(359): Illuminate\\Database\\Schema\\Blueprint->build()
#6 /home/rafael.macedo/Documents/person_project/back-end-programa-estagio-2021/vendor/laravel/framework/src/Illuminate/Database/Schema/Builder.php(206): Illuminate\\Database\\Schema\\Builder->build()
#7 /home/rafael.macedo/Documents/person_project/back-end-programa-estagio-2021/vendor/laravel/framework/src/Illuminate/Support/Facades/Facade.php(261): Illuminate\\Database\\Schema\\Builder->table()
#8 /home/rafael.macedo/Documents/person_project/back-end-programa-estagio-2021/database/migrations/2021_02_22_210042_create_table_user.php(24): Illuminate\\Support\\Facades\\Facade::__callStatic()
#9 /home/rafael.macedo/Documents/person_project/back-end-programa-estagio-2021/vendor/laravel/framework/src/Illuminate/Database/Migrations/Migrator.php(392): CreateTableUser->up()
#10 /home/rafael.macedo/Documents/person_project/back-end-programa-estagio-2021/vendor/laravel/framework/src/Illuminate/Database/Migrations/Migrator.php(401): Illuminate\\Database\\Migrations\\Migrator->Illuminate\\Database\\Migrations\\{closure}()
#11 /home/rafael.macedo/Documents/person_project/back-end-programa-estagio-2021/vendor/laravel/framework/src/Illuminate/Database/Migrations/Migrator.php(200): Illuminate\\Database\\Migrations\\Migrator->runMigration()
#12 /home/rafael.macedo/Documents/person_project/back-end-programa-estagio-2021/vendor/laravel/framework/src/Illuminate/Database/Migrations/Migrator.php(165): Illuminate\\Database\\Migrations\\Migrator->runUp()
#13 /home/rafael.macedo/Documents/person_project/back-end-programa-estagio-2021/vendor/laravel/framework/src/Illuminate/Database/Migrations/Migrator.php(110): Illuminate\\Database\\Migrations\\Migrator->runPending()
#14 /home/rafael.macedo/Documents/person_project/back-end-programa-estagio-2021/vendor/laravel/framework/src/Illuminate/Database/Console/Migrations/MigrateCommand.php(85): Illuminate\\Database\\Migrations\\Migrator->run()
#15 /home/rafael.macedo/Documents/person_project/back-end-programa-estagio-2021/vendor/laravel/framework/src/Illuminate/Database/Migrations/Migrator.php(541): Illuminate\\Database\\Console\\Migrations\\MigrateCommand->Illuminate\\Database\\Console\\Migrations\\{closure}()
#16 /home/rafael.macedo/Documents/person_project/back-end-programa-estagio-2021/vendor/laravel/framework/src/Illuminate/Database/Console/Migrations/MigrateCommand.php(94): Illuminate\\Database\\Migrations\\Migrator->usingConnection()
#17 /home/rafael.macedo/Documents/person_project/back-end-programa-estagio-2021/vendor/laravel/framework/src/Illuminate/Container/BoundMethod.php(36): Illuminate\\Database\\Console\\Migrations\\MigrateCommand->handle()
#18 /home/rafael.macedo/Documents/person_project/back-end-programa-estagio-2021/vendor/laravel/framework/src/Illuminate/Container/Util.php(40): Illuminate\\Container\\BoundMethod::Illuminate\\Container\\{closure}()
#19 /home/rafael.macedo/Documents/person_project/back-end-programa-estagio-2021/vendor/laravel/framework/src/Illuminate/Container/BoundMethod.php(93): Illuminate\\Container\\Util::unwrapIfClosure()
#20 /home/rafael.macedo/Documents/person_project/back-end-programa-estagio-2021/vendor/laravel/framework/src/Illuminate/Container/BoundMethod.php(37): Illuminate\\Container\\BoundMethod::callBoundMethod()
#21 /home/rafael.macedo/Documents/person_project/back-end-programa-estagio-2021/vendor/laravel/framework/src/Illuminate/Container/Container.php(610): Illuminate\\Container\\BoundMethod::call()
#22 /home/rafael.macedo/Documents/person_project/back-end-programa-estagio-2021/vendor/laravel/framework/src/Illuminate/Console/Command.php(136): Illuminate\\Container\\Container->call()
#23 /home/rafael.macedo/Documents/person_project/back-end-programa-estagio-2021/vendor/symfony/console/Command/Command.php(256): Illuminate\\Console\\Command->execute()
#24 /home/rafael.macedo/Documents/person_project/back-end-programa-estagio-2021/vendor/laravel/framework/src/Illuminate/Console/Command.php(121): Symfony\\Component\\Console\\Command\\Command->run()
#25 /home/rafael.macedo/Documents/person_project/back-end-programa-estagio-2021/vendor/symfony/console/Application.php(971): Illuminate\\Console\\Command->run()
#26 /home/rafael.macedo/Documents/person_project/back-end-programa-estagio-2021/vendor/symfony/console/Application.php(290): Symfony\\Component\\Console\\Application->doRunCommand()
#27 /home/rafael.macedo/Documents/person_project/back-end-programa-estagio-2021/vendor/symfony/console/Application.php(166): Symfony\\Component\\Console\\Application->doRun()
#28 /home/rafael.macedo/Documents/person_project/back-end-programa-estagio-2021/vendor/laravel/framework/src/Illuminate/Console/Application.php(93): Symfony\\Component\\Console\\Application->run()
#29 /home/rafael.macedo/Documents/person_project/back-end-programa-estagio-2021/vendor/laravel/framework/src/Illuminate/Foundation/Console/Kernel.php(129): Illuminate\\Console\\Application->run()
#30 /home/rafael.macedo/Documents/person_project/back-end-programa-estagio-2021/artisan(37): Illuminate\\Foundation\\Console\\Kernel->handle()
#31 {main}
"} 
[2021-02-22 21:37:50] local.ERROR: SQLSTATE[42S02]: Base table or view not found: 1146 Table 'programa_estagio.users_tests' doesn't exist (SQL: alter table `users_tests` add `id` int unsigned not null auto_increment primary key, add `seu_e-mail` varchar(250) not null, add `nome` varchar(200) not null, add `e-mail` varchar(250) not null, add `telefone` varchar(15) not null, add `created_at` timestamp null, add `updated_at` timestamp null, add `deleted_at` timestamp null) {"exception":"[object] (Illuminate\\Database\\QueryException(code: 42S02): SQLSTATE[42S02]: Base table or view not found: 1146 Table 'programa_estagio.users_tests' doesn't exist (SQL: alter table `users_tests` add `id` int unsigned not null auto_increment primary key, add `seu_e-mail` varchar(250) not null, add `nome` varchar(200) not null, add `e-mail` varchar(250) not null, add `telefone` varchar(15) not null, add `created_at` timestamp null, add `updated_at` timestamp null, add `deleted_at` timestamp null) at /home/rafael.macedo/Documents/person_project/back-end-programa-estagio-2021/vendor/laravel/framework/src/Illuminate/Database/Connection.php:678)
[stacktrace]
#0 /home/rafael.macedo/Documents/person_project/back-end-programa-estagio-2021/vendor/laravel/framework/src/Illuminate/Database/Connection.php(638): Illuminate\\Database\\Connection->runQueryCallback()
#1 /home/rafael.macedo/Documents/person_project/back-end-programa-estagio-2021/vendor/laravel/framework/src/Illuminate/Database/Connection.php(472): Illuminate\\Database\\Connection->run()
#2 /home/rafael.macedo/Documents/person_project/back-end-programa-estagio-2021/vendor/laravel/framework/src/Illuminate/Database/Schema/Blueprint.php(109): Illuminate\\Database\\Connection->statement()
#3 /home/rafael.macedo/Documents/person_project/back-end-programa-estagio-2021/vendor/laravel/framework/src/Illuminate/Database/Schema/Builder.php(359): Illuminate\\Database\\Schema\\Blueprint->build()
#4 /home/rafael.macedo/Documents/person_project/back-end-programa-estagio-2021/vendor/laravel/framework/src/Illuminate/Database/Schema/Builder.php(206): Illuminate\\Database\\Schema\\Builder->build()
#5 /home/rafael.macedo/Documents/person_project/back-end-programa-estagio-2021/vendor/laravel/framework/src/Illuminate/Support/Facades/Facade.php(261): Illuminate\\Database\\Schema\\Builder->table()
#6 /home/rafael.macedo/Documents/person_project/back-end-programa-estagio-2021/database/migrations/2021_02_22_210042_create_table_user.php(24): Illuminate\\Support\\Facades\\Facade::__callStatic()
#7 /home/rafael.macedo/Documents/person_project/back-end-programa-estagio-2021/vendor/laravel/framework/src/Illuminate/Database/Migrations/Migrator.php(392): CreateTableUser->up()
#8 /home/rafael.macedo/Documents/person_project/back-end-programa-estagio-2021/vendor/laravel/framework/src/Illuminate/Database/Migrations/Migrator.php(401): Illuminate\\Database\\Migrations\\Migrator->Illuminate\\Database\\Migrations\\{closure}()
#9 /home/rafael.macedo/Documents/person_project/back-end-programa-estagio-2021/vendor/laravel/framework/src/Illuminate/Database/Migrations/Migrator.php(200): Illuminate\\Database\\Migrations\\Migrator->runMigration()
#10 /home/rafael.macedo/Documents/person_project/back-end-programa-estagio-2021/vendor/laravel/framework/src/Illuminate/Database/Migrations/Migrator.php(165): Illuminate\\Database\\Migrations\\Migrator->runUp()
#11 /home/rafael.macedo/Documents/person_project/back-end-programa-estagio-2021/vendor/laravel/framework/src/Illuminate/Database/Migrations/Migrator.php(110): Illuminate\\Database\\Migrations\\Migrator->runPending()
#12 /home/rafael.macedo/Documents/person_project/back-end-programa-estagio-2021/vendor/laravel/framework/src/Illuminate/Database/Console/Migrations/MigrateCommand.php(85): Illuminate\\Database\\Migrations\\Migrator->run()
#13 /home/rafael.macedo/Documents/person_project/back-end-programa-estagio-2021/vendor/laravel/framework/src/Illuminate/Database/Migrations/Migrator.php(541): Illuminate\\Database\\Console\\Migrations\\MigrateCommand->Illuminate\\Database\\Console\\Migrations\\{closure}()
#14 /home/rafael.macedo/Documents/person_project/back-end-programa-estagio-2021/vendor/laravel/framework/src/Illuminate/Database/Console/Migrations/MigrateCommand.php(94): Illuminate\\Database\\Migrations\\Migrator->usingConnection()
#15 /home/rafael.macedo/Documents/person_project/back-end-programa-estagio-2021/vendor/laravel/framework/src/Illuminate/Container/BoundMethod.php(36): Illuminate\\Database\\Console\\Migrations\\MigrateCommand->handle()
#16 /home/rafael.macedo/Documents/person_project/back-end-programa-estagio-2021/vendor/laravel/framework/src/Illuminate/Container/Util.php(40): Illuminate\\Container\\BoundMethod::Illuminate\\Container\\{closure}()
#17 /home/rafael.macedo/Documents/person_project/back-end-programa-estagio-2021/vendor/laravel/framework/src/Illuminate/Container/BoundMethod.php(93): Illuminate\\Container\\Util::unwrapIfClosure()
#18 /home/rafael.macedo/Documents/person_project/back-end-programa-estagio-2021/vendor/laravel/framework/src/Illuminate/Container/BoundMethod.php(37): Illuminate\\Container\\BoundMethod::callBoundMethod()
#19 /home/rafael.macedo/Documents/person_project/back-end-programa-estagio-2021/vendor/laravel/framework/src/Illuminate/Container/Container.php(610): Illuminate\\Container\\BoundMethod::call()
#20 /home/rafael.macedo/Documents/person_project/back-end-programa-estagio-2021/vendor/laravel/framework/src/Illuminate/Console/Command.php(136): Illuminate\\Container\\Container->call()
#21 /home/rafael.macedo/Documents/person_project/back-end-programa-estagio-2021/vendor/symfony/console/Command/Command.php(256): Illuminate\\Console\\Command->execute()
#22 /home/rafael.macedo/Documents/person_project/back-end-programa-estagio-2021/vendor/laravel/framework/src/Illuminate/Console/Command.php(121): Symfony\\Component\\Console\\Command\\Command->run()
#23 /home/rafael.macedo/Documents/person_project/back-end-programa-estagio-2021/vendor/symfony/console/Application.php(971): Illuminate\\Console\\Command->run()
#24 /home/rafael.macedo/Documents/person_project/back-end-programa-estagio-2021/vendor/symfony/console/Application.php(290): Symfony\\Component\\Console\\Application->doRunCommand()
#25 /home/rafael.macedo/Documents/person_project/back-end-programa-estagio-2021/vendor/symfony/console/Application.php(166): Symfony\\Component\\Console\\Application->doRun()
#26 /home/rafael.macedo/Documents/person_project/back-end-programa-estagio-2021/vendor/laravel/framework/src/Illuminate/Console/Application.php(93): Symfony\\Component\\Console\\Application->run()
#27 /home/rafael.macedo/Documents/person_project/back-end-programa-estagio-2021/vendor/laravel/framework/src/Illuminate/Foundation/Console/Kernel.php(129): Illuminate\\Console\\Application->run()
#28 /home/rafael.macedo/Documents/person_project/back-end-programa-estagio-2021/artisan(37): Illuminate\\Foundation\\Console\\Kernel->handle()
#29 {main}

[previous exception] [object] (PDOException(code: 42S02): SQLSTATE[42S02]: Base table or view not found: 1146 Table 'programa_estagio.users_tests' doesn't exist at /home/rafael.macedo/Documents/person_project/back-end-programa-estagio-2021/vendor/laravel/framework/src/Illuminate/Database/Connection.php:471)
[stacktrace]
#0 /home/rafael.macedo/Documents/person_project/back-end-programa-estagio-2021/vendor/laravel/framework/src/Illuminate/Database/Connection.php(471): PDOStatement->execute()
#1 /home/rafael.macedo/Documents/person_project/back-end-programa-estagio-2021/vendor/laravel/framework/src/Illuminate/Database/Connection.php(671): Illuminate\\Database\\Connection->Illuminate\\Database\\{closure}()
#2 /home/rafael.macedo/Documents/person_project/back-end-programa-estagio-2021/vendor/laravel/framework/src/Illuminate/Database/Connection.php(638): Illuminate\\Database\\Connection->runQueryCallback()
#3 /home/rafael.macedo/Documents/person_project/back-end-programa-estagio-2021/vendor/laravel/framework/src/Illuminate/Database/Connection.php(472): Illuminate\\Database\\Connection->run()
#4 /home/rafael.macedo/Documents/person_project/back-end-programa-estagio-2021/vendor/laravel/framework/src/Illuminate/Database/Schema/Blueprint.php(109): Illuminate\\Database\\Connection->statement()
#5 /home/rafael.macedo/Documents/person_project/back-end-programa-estagio-2021/vendor/laravel/framework/src/Illuminate/Database/Schema/Builder.php(359): Illuminate\\Database\\Schema\\Blueprint->build()
#6 /home/rafael.macedo/Documents/person_project/back-end-programa-estagio-2021/vendor/laravel/framework/src/Illuminate/Database/Schema/Builder.php(206): Illuminate\\Database\\Schema\\Builder->build()
#7 /home/rafael.macedo/Documents/person_project/back-end-programa-estagio-2021/vendor/laravel/framework/src/Illuminate/Support/Facades/Facade.php(261): Illuminate\\Database\\Schema\\Builder->table()
#8 /home/rafael.macedo/Documents/person_project/back-end-programa-estagio-2021/database/migrations/2021_02_22_210042_create_table_user.php(24): Illuminate\\Support\\Facades\\Facade::__callStatic()
#9 /home/rafael.macedo/Documents/person_project/back-end-programa-estagio-2021/vendor/laravel/framework/src/Illuminate/Database/Migrations/Migrator.php(392): CreateTableUser->up()
#10 /home/rafael.macedo/Documents/person_project/back-end-programa-estagio-2021/vendor/laravel/framework/src/Illuminate/Database/Migrations/Migrator.php(401): Illuminate\\Database\\Migrations\\Migrator->Illuminate\\Database\\Migrations\\{closure}()
#11 /home/rafael.macedo/Documents/person_project/back-end-programa-estagio-2021/vendor/laravel/framework/src/Illuminate/Database/Migrations/Migrator.php(200): Illuminate\\Database\\Migrations\\Migrator->runMigration()
#12 /home/rafael.macedo/Documents/person_project/back-end-programa-estagio-2021/vendor/laravel/framework/src/Illuminate/Database/Migrations/Migrator.php(165): Illuminate\\Database\\Migrations\\Migrator->runUp()
#13 /home/rafael.macedo/Documents/person_project/back-end-programa-estagio-2021/vendor/laravel/framework/src/Illuminate/Database/Migrations/Migrator.php(110): Illuminate\\Database\\Migrations\\Migrator->runPending()
#14 /home/rafael.macedo/Documents/person_project/back-end-programa-estagio-2021/vendor/laravel/framework/src/Illuminate/Database/Console/Migrations/MigrateCommand.php(85): Illuminate\\Database\\Migrations\\Migrator->run()
#15 /home/rafael.macedo/Documents/person_project/back-end-programa-estagio-2021/vendor/laravel/framework/src/Illuminate/Database/Migrations/Migrator.php(541): Illuminate\\Database\\Console\\Migrations\\MigrateCommand->Illuminate\\Database\\Console\\Migrations\\{closure}()
#16 /home/rafael.macedo/Documents/person_project/back-end-programa-estagio-2021/vendor/laravel/framework/src/Illuminate/Database/Console/Migrations/MigrateCommand.php(94): Illuminate\\Database\\Migrations\\Migrator->usingConnection()
#17 /home/rafael.macedo/Documents/person_project/back-end-programa-estagio-2021/vendor/laravel/framework/src/Illuminate/Container/BoundMethod.php(36): Illuminate\\Database\\Console\\Migrations\\MigrateCommand->handle()
#18 /home/rafael.macedo/Documents/person_project/back-end-programa-estagio-2021/vendor/laravel/framework/src/Illuminate/Container/Util.php(40): Illuminate\\Container\\BoundMethod::Illuminate\\Container\\{closure}()
#19 /home/rafael.macedo/Documents/person_project/back-end-programa-estagio-2021/vendor/laravel/framework/src/Illuminate/Container/BoundMethod.php(93): Illuminate\\Container\\Util::unwrapIfClosure()
#20 /home/rafael.macedo/Documents/person_project/back-end-programa-estagio-2021/vendor/laravel/framework/src/Illuminate/Container/BoundMethod.php(37): Illuminate\\Container\\BoundMethod::callBoundMethod()
#21 /home/rafael.macedo/Documents/person_project/back-end-programa-estagio-2021/vendor/laravel/framework/src/Illuminate/Container/Container.php(610): Illuminate\\Container\\BoundMethod::call()
#22 /home/rafael.macedo/Documents/person_project/back-end-programa-estagio-2021/vendor/laravel/framework/src/Illuminate/Console/Command.php(136): Illuminate\\Container\\Container->call()
#23 /home/rafael.macedo/Documents/person_project/back-end-programa-estagio-2021/vendor/symfony/console/Command/Command.php(256): Illuminate\\Console\\Command->execute()
#24 /home/rafael.macedo/Documents/person_project/back-end-programa-estagio-2021/vendor/laravel/framework/src/Illuminate/Console/Command.php(121): Symfony\\Component\\Console\\Command\\Command->run()
#25 /home/rafael.macedo/Documents/person_project/back-end-programa-estagio-2021/vendor/symfony/console/Application.php(971): Illuminate\\Console\\Command->run()
#26 /home/rafael.macedo/Documents/person_project/back-end-programa-estagio-2021/vendor/symfony/console/Application.php(290): Symfony\\Component\\Console\\Application->doRunCommand()
#27 /home/rafael.macedo/Documents/person_project/back-end-programa-estagio-2021/vendor/symfony/console/Application.php(166): Symfony\\Component\\Console\\Application->doRun()
#28 /home/rafael.macedo/Documents/person_project/back-end-programa-estagio-2021/vendor/laravel/framework/src/Illuminate/Console/Application.php(93): Symfony\\Component\\Console\\Application->run()
#29 /home/rafael.macedo/Documents/person_project/back-end-programa-estagio-2021/vendor/laravel/framework/src/Illuminate/Foundation/Console/Kernel.php(129): Illuminate\\Console\\Application->run()
#30 /home/rafael.macedo/Documents/person_project/back-end-programa-estagio-2021/artisan(37): Illuminate\\Foundation\\Console\\Kernel->handle()
#31 {main}
"} 
